<?xml version="1.0" encoding="UTF-8"?>
<testsuite name="TestFlatMap" tests="2" skipped="0" failures="0" errors="0" timestamp="2019-01-15T17:11:39" hostname="F3TBNN2" time="0.032">
  <properties/>
  <testcase name="testGetOrderedProductsSet" classname="TestFlatMap" time="0.031"/>
  <testcase name="testGetAllOrderedProducts" classname="TestFlatMap" time="0.001"/>
  <system-out><![CDATA[]]></system-out>
  <system-err><![CDATA[]]></system-err>
</testsuite>
